\BOOKMARK [0][-]{dummy.1}{\376\377\000D\000e\000c\000l\000a\000r\000a\000t\000i\000o\000n\000\040\000o\000f\000\040\000A\000u\000t\000h\000o\000r\000s\000h\000i\000p}{}% 1
\BOOKMARK [0][-]{dummy.2}{\376\377\000A\000b\000s\000t\000r\000a\000c\000t}{}% 2
\BOOKMARK [0][-]{dummy.3}{\376\377\000A\000c\000k\000n\000o\000w\000l\000e\000d\000g\000e\000m\000e\000n\000t\000s}{}% 3
\BOOKMARK [0][-]{dummy.5}{\376\377\000L\000i\000s\000t\000\040\000o\000f\000\040\000F\000i\000g\000u\000r\000e\000s}{}% 4
\BOOKMARK [0][-]{dummy.7}{\376\377\000L\000i\000s\000t\000\040\000o\000f\000\040\000T\000a\000b\000l\000e\000s}{}% 5
\BOOKMARK [0][-]{dummy.9}{\376\377\000A\000b\000b\000r\000e\000v\000i\000a\000t\000i\000o\000n\000s}{}% 6
\BOOKMARK [0][-]{dummy.12}{\376\377\000P\000h\000y\000s\000i\000c\000a\000l\000\040\000C\000o\000n\000s\000t\000a\000n\000t\000s}{}% 7
\BOOKMARK [0][-]{dummy.15}{\376\377\000S\000y\000m\000b\000o\000l\000s}{}% 8
\BOOKMARK [0][-]{chapter.18}{\376\377\0001\000\040\000C\000h\000a\000p\000t\000e\000r\000\040\000T\000i\000t\000l\000e\000\040\000H\000e\000r\000e}{}% 9
\BOOKMARK [1][-]{section.19}{\376\377\0001\000.\0001\000\040\000W\000e\000l\000c\000o\000m\000e\000\040\000a\000n\000d\000\040\000T\000h\000a\000n\000k\000\040\000Y\000o\000u}{chapter.18}% 10
\BOOKMARK [2][-]{subsection.20}{\376\377\0001\000.\0001\000.\0001\000\040\000E\000x\000a\000m\000p\000l\000e\000s\000\040\000o\000f\000\040\000L\000a\000T\000e\000X\000\040\000T\000y\000p\000e\000s\000e\000t\000\040\000e\000B\000o\000o\000k\000s}{section.19}% 11
\BOOKMARK [1][-]{section.21}{\376\377\0001\000.\0002\000\040\000L\000e\000a\000r\000n\000i\000n\000g\000\040\000L\000a\000T\000e\000X}{chapter.18}% 12
\BOOKMARK [2][-]{subsection.22}{\376\377\0001\000.\0002\000.\0001\000\040\000A\000\040\000\050\000n\000o\000t\000\040\000s\000o\000\040\000s\000h\000o\000r\000t\000\051\000\040\000I\000n\000t\000r\000o\000d\000u\000c\000t\000i\000o\000n\000\040\000t\000o\000\040\000L\000a\000T\000e\000X}{section.21}% 13
\BOOKMARK [2][-]{subsection.23}{\376\377\0001\000.\0002\000.\0002\000\040\000A\000\040\000S\000h\000o\000r\000t\000\040\000M\000a\000t\000h\000\040\000G\000u\000i\000d\000e\000\040\000f\000o\000r\000\040\000L\000a\000T\000e\000X}{section.21}% 14
\BOOKMARK [2][-]{subsection.24}{\376\377\0001\000.\0002\000.\0003\000\040\000C\000o\000m\000m\000o\000n\000\040\000L\000a\000T\000e\000X\000\040\000M\000a\000t\000h\000\040\000S\000y\000m\000b\000o\000l\000s}{section.21}% 15
\BOOKMARK [2][-]{subsection.25}{\376\377\0001\000.\0002\000.\0004\000\040\000L\000a\000T\000e\000X\000\040\000o\000n\000\040\000a\000\040\000M\000a\000c}{section.21}% 16
\BOOKMARK [1][-]{section.26}{\376\377\0001\000.\0003\000\040\000G\000e\000t\000t\000i\000n\000g\000\040\000S\000t\000a\000r\000t\000e\000d\000\040\000w\000i\000t\000h\000\040\000t\000h\000i\000s\000\040\000T\000e\000m\000p\000l\000a\000t\000e}{chapter.18}% 17
\BOOKMARK [2][-]{subsection.27}{\376\377\0001\000.\0003\000.\0001\000\040\000L\000a\000t\000e\000s\000t\000\040\000V\000e\000r\000s\000i\000o\000n}{section.26}% 18
\BOOKMARK [2][-]{subsection.28}{\376\377\0001\000.\0003\000.\0002\000\040\000L\000i\000s\000t\000\040\000o\000f\000\040\000C\000h\000a\000n\000g\000e\000s}{section.26}% 19
\BOOKMARK [2][-]{subsection.34}{\376\377\0001\000.\0003\000.\0003\000\040\000A\000b\000o\000u\000t\000\040\000t\000h\000i\000s\000\040\000T\000e\000m\000p\000l\000a\000t\000e}{section.26}% 20
\BOOKMARK [1][-]{section.35}{\376\377\0001\000.\0004\000\040\000W\000h\000a\000t\000\040\000t\000h\000i\000s\000\040\000T\000e\000m\000p\000l\000a\000t\000e\000\040\000I\000n\000c\000l\000u\000d\000e\000s}{chapter.18}% 21
\BOOKMARK [2][-]{subsection.36}{\376\377\0001\000.\0004\000.\0001\000\040\000F\000o\000l\000d\000e\000r\000s}{section.35}% 22
\BOOKMARK [2][-]{subsection.37}{\376\377\0001\000.\0004\000.\0002\000\040\000F\000i\000l\000e\000s}{section.35}% 23
\BOOKMARK [1][-]{section.38}{\376\377\0001\000.\0005\000\040\000F\000i\000l\000l\000i\000n\000g\000\040\000i\000n\000\040\000t\000h\000e\000\040\000`\000T\000h\000e\000s\000i\000s\000.\000c\000l\000s\000'\000\040\000F\000i\000l\000e}{chapter.18}% 24
\BOOKMARK [1][-]{section.39}{\376\377\0001\000.\0006\000\040\000T\000h\000e\000\040\000`\000T\000h\000e\000s\000i\000s\000.\000t\000e\000x\000'\000\040\000F\000i\000l\000e\000\040\000E\000x\000p\000l\000a\000i\000n\000e\000d}{chapter.18}% 25
\BOOKMARK [1][-]{section.40}{\376\377\0001\000.\0007\000\040\000T\000h\000e\000s\000i\000s\000\040\000F\000e\000a\000t\000u\000r\000e\000s\000\040\000a\000n\000d\000\040\000C\000o\000n\000v\000e\000n\000t\000i\000o\000n\000s}{chapter.18}% 26
\BOOKMARK [2][-]{subsection.41}{\376\377\0001\000.\0007\000.\0001\000\040\000P\000r\000i\000n\000t\000i\000n\000g\000\040\000F\000o\000r\000m\000a\000t}{section.40}% 27
\BOOKMARK [2][-]{subsection.42}{\376\377\0001\000.\0007\000.\0002\000\040\000U\000s\000i\000n\000g\000\040\000U\000S\000\040\000L\000e\000t\000t\000e\000r\000\040\000P\000a\000p\000e\000r}{section.40}% 28
\BOOKMARK [2][-]{subsection.43}{\376\377\0001\000.\0007\000.\0003\000\040\000R\000e\000f\000e\000r\000e\000n\000c\000e\000s}{section.40}% 29
\BOOKMARK [2][-]{subsection.45}{\376\377\0001\000.\0007\000.\0004\000\040\000F\000i\000g\000u\000r\000e\000s}{section.40}% 30
\BOOKMARK [2][-]{subsection.47}{\376\377\0001\000.\0007\000.\0005\000\040\000T\000y\000p\000e\000s\000e\000t\000t\000i\000n\000g\000\040\000m\000a\000t\000h\000e\000m\000a\000t\000i\000c\000s}{section.40}% 31
\BOOKMARK [1][-]{section.49}{\376\377\0001\000.\0008\000\040\000S\000e\000c\000t\000i\000o\000n\000i\000n\000g\000\040\000a\000n\000d\000\040\000S\000u\000b\000s\000e\000c\000t\000i\000o\000n\000i\000n\000g}{chapter.18}% 32
\BOOKMARK [1][-]{section.50}{\376\377\0001\000.\0009\000\040\000I\000n\000\040\000C\000l\000o\000s\000i\000n\000g}{chapter.18}% 33
\BOOKMARK [0][-]{chapter.52}{\376\377\0002\000\040\000H\000a\000e\000m\000\040\000D\000i\000o\000x\000y\000g\000e\000n\000a\000s\000e\000\040\000E\000n\000z\000y\000m\000e\000s}{}% 34
\BOOKMARK [1][-]{section.53}{\376\377\0002\000.\0001\000\040\000I\000n\000t\000r\000o\000d\000u\000c\000t\000i\000o\000n\000\040\000t\000o\000\040\000t\000h\000e\000\040\000H\000a\000e\000m\000\040\000D\000i\000o\000x\000y\000g\000e\000n\000a\000s\000e\000\040\000E\000n\000z\000y\000m\000e\000s}{chapter.52}% 35
\BOOKMARK [2][-]{subsection.54}{\376\377\0002\000.\0001\000.\0001\000\040\000E\000x\000a\000m\000p\000l\000e\000s\000\040\000o\000f\000\040\000L\000a\000T\000e\000X\000\040\000T\000y\000p\000e\000s\000e\000t\000\040\000e\000B\000o\000o\000k\000s}{section.53}% 36
\BOOKMARK [1][-]{section.55}{\376\377\0002\000.\0002\000\040\000L\000e\000a\000r\000n\000i\000n\000g\000\040\000L\000a\000T\000e\000X}{chapter.52}% 37
\BOOKMARK [2][-]{subsection.56}{\376\377\0002\000.\0002\000.\0001\000\040\000A\000\040\000\050\000n\000o\000t\000\040\000s\000o\000\040\000s\000h\000o\000r\000t\000\051\000\040\000I\000n\000t\000r\000o\000d\000u\000c\000t\000i\000o\000n\000\040\000t\000o\000\040\000L\000a\000T\000e\000X}{section.55}% 38
\BOOKMARK [2][-]{subsection.57}{\376\377\0002\000.\0002\000.\0002\000\040\000A\000\040\000S\000h\000o\000r\000t\000\040\000M\000a\000t\000h\000\040\000G\000u\000i\000d\000e\000\040\000f\000o\000r\000\040\000L\000a\000T\000e\000X}{section.55}% 39
\BOOKMARK [2][-]{subsection.58}{\376\377\0002\000.\0002\000.\0003\000\040\000C\000o\000m\000m\000o\000n\000\040\000L\000a\000T\000e\000X\000\040\000M\000a\000t\000h\000\040\000S\000y\000m\000b\000o\000l\000s}{section.55}% 40
\BOOKMARK [2][-]{subsection.59}{\376\377\0002\000.\0002\000.\0004\000\040\000L\000a\000T\000e\000X\000\040\000o\000n\000\040\000a\000\040\000M\000a\000c}{section.55}% 41
\BOOKMARK [1][-]{section.60}{\376\377\0002\000.\0003\000\040\000G\000e\000t\000t\000i\000n\000g\000\040\000S\000t\000a\000r\000t\000e\000d\000\040\000w\000i\000t\000h\000\040\000t\000h\000i\000s\000\040\000T\000e\000m\000p\000l\000a\000t\000e}{chapter.52}% 42
\BOOKMARK [2][-]{subsection.61}{\376\377\0002\000.\0003\000.\0001\000\040\000L\000a\000t\000e\000s\000t\000\040\000V\000e\000r\000s\000i\000o\000n}{section.60}% 43
\BOOKMARK [2][-]{subsection.62}{\376\377\0002\000.\0003\000.\0002\000\040\000L\000i\000s\000t\000\040\000o\000f\000\040\000C\000h\000a\000n\000g\000e\000s}{section.60}% 44
\BOOKMARK [2][-]{subsection.68}{\376\377\0002\000.\0003\000.\0003\000\040\000A\000b\000o\000u\000t\000\040\000t\000h\000i\000s\000\040\000T\000e\000m\000p\000l\000a\000t\000e}{section.60}% 45
\BOOKMARK [1][-]{section.69}{\376\377\0002\000.\0004\000\040\000W\000h\000a\000t\000\040\000t\000h\000i\000s\000\040\000T\000e\000m\000p\000l\000a\000t\000e\000\040\000I\000n\000c\000l\000u\000d\000e\000s}{chapter.52}% 46
\BOOKMARK [2][-]{subsection.70}{\376\377\0002\000.\0004\000.\0001\000\040\000F\000o\000l\000d\000e\000r\000s}{section.69}% 47
\BOOKMARK [2][-]{subsection.71}{\376\377\0002\000.\0004\000.\0002\000\040\000F\000i\000l\000e\000s}{section.69}% 48
\BOOKMARK [1][-]{section.72}{\376\377\0002\000.\0005\000\040\000F\000i\000l\000l\000i\000n\000g\000\040\000i\000n\000\040\000t\000h\000e\000\040\000`\000T\000h\000e\000s\000i\000s\000.\000c\000l\000s\000'\000\040\000F\000i\000l\000e}{chapter.52}% 49
\BOOKMARK [1][-]{section.73}{\376\377\0002\000.\0006\000\040\000T\000h\000e\000\040\000`\000T\000h\000e\000s\000i\000s\000.\000t\000e\000x\000'\000\040\000F\000i\000l\000e\000\040\000E\000x\000p\000l\000a\000i\000n\000e\000d}{chapter.52}% 50
\BOOKMARK [1][-]{section.74}{\376\377\0002\000.\0007\000\040\000T\000h\000e\000s\000i\000s\000\040\000F\000e\000a\000t\000u\000r\000e\000s\000\040\000a\000n\000d\000\040\000C\000o\000n\000v\000e\000n\000t\000i\000o\000n\000s}{chapter.52}% 51
\BOOKMARK [2][-]{subsection.75}{\376\377\0002\000.\0007\000.\0001\000\040\000P\000r\000i\000n\000t\000i\000n\000g\000\040\000F\000o\000r\000m\000a\000t}{section.74}% 52
\BOOKMARK [2][-]{subsection.76}{\376\377\0002\000.\0007\000.\0002\000\040\000U\000s\000i\000n\000g\000\040\000U\000S\000\040\000L\000e\000t\000t\000e\000r\000\040\000P\000a\000p\000e\000r}{section.74}% 53
\BOOKMARK [2][-]{subsection.77}{\376\377\0002\000.\0007\000.\0003\000\040\000R\000e\000f\000e\000r\000e\000n\000c\000e\000s}{section.74}% 54
\BOOKMARK [2][-]{subsection.79}{\376\377\0002\000.\0007\000.\0004\000\040\000F\000i\000g\000u\000r\000e\000s}{section.74}% 55
\BOOKMARK [2][-]{subsection.81}{\376\377\0002\000.\0007\000.\0005\000\040\000T\000y\000p\000e\000s\000e\000t\000t\000i\000n\000g\000\040\000m\000a\000t\000h\000e\000m\000a\000t\000i\000c\000s}{section.74}% 56
\BOOKMARK [1][-]{section.83}{\376\377\0002\000.\0008\000\040\000S\000e\000c\000t\000i\000o\000n\000i\000n\000g\000\040\000a\000n\000d\000\040\000S\000u\000b\000s\000e\000c\000t\000i\000o\000n\000i\000n\000g}{chapter.52}% 57
\BOOKMARK [1][-]{section.84}{\376\377\0002\000.\0009\000\040\000I\000n\000\040\000C\000l\000o\000s\000i\000n\000g}{chapter.52}% 58
\BOOKMARK [0][-]{appendix.86}{\376\377\000A\000\040\000A\000p\000p\000e\000n\000d\000i\000x\000\040\000T\000i\000t\000l\000e\000\040\000H\000e\000r\000e}{}% 59
\BOOKMARK [0][-]{dummy.87}{\376\377\000B\000i\000b\000l\000i\000o\000g\000r\000a\000p\000h\000y}{}% 60
