This is pdfTeX, Version 3.1415926-2.3-1.40.12 (TeX Live 2011) (format=pdflatex 2012.5.29)  20 JAN 2014 15:00
entering extended mode
 restricted \write18 enabled.
 %&-line parsing enabled.
**main.tex
(./main.tex
LaTeX2e <2009/09/24>
Babel <v3.8l> and hyphenation patterns for english, dumylang, nohyphenation, ge
rman-x-2009-06-19, ngerman-x-2009-06-19, afrikaans, ancientgreek, ibycus, arabi
c, armenian, basque, bulgarian, catalan, pinyin, coptic, croatian, czech, danis
h, dutch, ukenglish, usenglishmax, esperanto, estonian, ethiopic, farsi, finnis
h, french, galician, german, ngerman, swissgerman, monogreek, greek, hungarian,
 icelandic, assamese, bengali, gujarati, hindi, kannada, malayalam, marathi, or
iya, panjabi, tamil, telugu, indonesian, interlingua, irish, italian, kurmanji,
 lao, latin, latvian, lithuanian, mongolian, mongolianlmc, bokmal, nynorsk, pol
ish, portuguese, romanian, russian, sanskrit, serbian, serbianc, slovak, sloven
ian, spanish, swedish, turkish, turkmen, ukrainian, uppersorbian, welsh, loaded
.
(./mitthesis.cls
Document Class: mitthesis 1999/10/20
\vithesis=\count79
(/usr/local/texlive/2011/texmf-dist/tex/latex/base/report.cls
Document Class: report 2007/10/19 v1.4h Standard LaTeX document class
(/usr/local/texlive/2011/texmf-dist/tex/latex/base/size12.clo
File: size12.clo 2007/10/19 v1.4h Standard LaTeX file (size option)
)
\c@part=\count80
\c@chapter=\count81
\c@section=\count82
\c@subsection=\count83
\c@subsubsection=\count84
\c@paragraph=\count85
\c@subparagraph=\count86
\c@figure=\count87
\c@table=\count88
\abovecaptionskip=\skip41
\belowcaptionskip=\skip42
\bibindent=\dimen102
)
(/usr/local/texlive/2011/texmf-dist/tex/latex/setspace/setspace.sty
Package: setspace 2000/12/01 6.7 Contributed and Supported LaTeX2e package

Package: `setspace' 6.7 <2000/12/01>
)
Thesis document copyright MIT unless otherwise (manually) specified
\@titlesupervisor=\box26
\@abstractsupervisor=\box27
\c@savepage=\count89
) (./lgrind.sty
Package: lgrind 1997/01/30 v3.4 LGrind environment and supporting stuff
\lc@unt=\count90
\ln@xt=\count91
\LGnuminterval=\count92
\LGindent=\skip43
\LGsloppy=\skip44
\procbox=\box28
\ls@far=\box29
\tb@x=\box30
\TBw@d=\dimen103
\@ts=\dimen104
)
Enter file names to process, (chap1,chap2 ...), or `all' to process all files:

\files=all
Including all files.
No file main.aux.
\openout1 = `main.aux'.

LaTeX Font Info:    Checking defaults for OML/cmm/m/it on input line 41.
LaTeX Font Info:    ... okay on input line 41.
LaTeX Font Info:    Checking defaults for T1/cmr/m/n on input line 41.
LaTeX Font Info:    ... okay on input line 41.
LaTeX Font Info:    Checking defaults for OT1/cmr/m/n on input line 41.
LaTeX Font Info:    ... okay on input line 41.
LaTeX Font Info:    Checking defaults for OMS/cmsy/m/n on input line 41.
LaTeX Font Info:    ... okay on input line 41.
LaTeX Font Info:    Checking defaults for OMX/cmex/m/n on input line 41.
LaTeX Font Info:    ... okay on input line 41.
LaTeX Font Info:    Checking defaults for U/cmr/m/n on input line 41.
LaTeX Font Info:    ... okay on input line 41.
\openout2 = `cover.aux'.

(./cover.tex
LaTeX Font Info:    Try loading font information for OMS+cmr on input line 91.
 (/usr/local/texlive/2011/texmf-dist/tex/latex/base/omscmr.fd
File: omscmr.fd 1999/05/25 v2.5h Standard LaTeX font definitions
)
LaTeX Font Info:    Font shape `OMS/cmr/m/n' in size <14.4> not available
(Font)              Font shape `OMS/cmsy/m/n' tried instead on input line 91.

[1



{/usr/local/texlive/2011/texmf-var/fonts/map/pdftex/updmap/pdftex.map}]
[2

] (./abstract.tex) [3

] [4

]) [5]
\openout2 = `contents.aux'.

 (./contents.tex [6



]
No file main.toc.
\tf@toc=\write3
\openout3 = `main.toc'.

[7] [8

]
No file main.lof.
\tf@lof=\write4
\openout4 = `main.lof'.

[9] [10

]
No file main.lot.
\tf@lot=\write5
\openout5 = `main.lot'.

) [11]
\openout2 = `chap1.aux'.

 (./chap1.tex [12



]
Chapter 1.
LaTeX Font Info:    External font `cmex10' loaded for size
(Font)              <12> on input line 12.
LaTeX Font Info:    External font `cmex10' loaded for size
(Font)              <8> on input line 12.
LaTeX Font Info:    External font `cmex10' loaded for size
(Font)              <6> on input line 12.

LaTeX Warning: Reference `ch1:opts' on page 13 undefined on input line 20.


LaTeX Warning: Citation `patterson:risc' on page 13 undefined on input line 32.



LaTeX Warning: Citation `rad83' on page 13 undefined on input line 32.


LaTeX Warning: Citation `ellis:bulldog' on page 13 undefined on input line 40.


LaTeX Warning: Citation `pet87' on page 13 undefined on input line 40.


LaTeX Warning: Citation `coutant:precision-compilers' on page 13 undefined on i
nput line 40.


LaTeX Warning: Citation `gib86' on page 13 undefined on input line 44.

[13]

LaTeX Warning: Reference `ch1:opts' on page 14 undefined on input line 60.

LaTeX Font Info:    External font `cmex10' loaded for size
(Font)              <7> on input line 76.
LaTeX Font Info:    External font `cmex10' loaded for size
(Font)              <5> on input line 76.

LaTeX Warning: Reference `exponent-format' on page 14 undefined on input line 7
6.


LaTeX Warning: Reference `mantissa-format' on page 14 undefined on input line 7
6.


LaTeX Warning: Reference `unnorm-math' on page 14 undefined on input line 77.

[14]

LaTeX Warning: Citation `thornton:cdc6600' on page 15 undefined on input line 9
2.

[15]

LaTeX Warning: Reference `opt:be' on page 16 undefined on input line 131.


LaTeX Warning: Reference `range-tracking' on page 16 undefined on input line 16
0.

[16]
Underfull \vbox (badness 1389) has occurred while \output is active []

 [17]

LaTeX Warning: Citation `magenheimer:precision' on page 18 undefined on input l
ine 204.


LaTeX Warning: Citation `byte:i860' on page 18 undefined on input line 214.


LaTeX Warning: Citation `ellis:bulldog' on page 18 undefined on input line 227.



LaTeX Warning: Citation `colwell:vliw' on page 18 undefined on input line 227.

[18]

LaTeX Warning: Citation `gib86' on page 19 undefined on input line 248.

) [19]
\openout2 = `chap2.aux'.


No file chap2.tex.
\openout2 = `appa.aux'.

(./appa.tex [20





]
Appendix A.
[21])
\openout2 = `appb.aux'.

 (./appb.tex [22




]
Appendix B.
[23] [24])
\openout2 = `biblio.aux'.

 (./biblio.tex
No file main.bbl.
) (./main.aux (./cover.aux) (./contents.aux) (./chap1.aux) (./chap2.aux)
(./appa.aux) (./appb.aux) (./biblio.aux))

LaTeX Warning: There were undefined references.


LaTeX Warning: Label(s) may have changed. Rerun to get cross-references right.

 ) 
Here is how much of TeX's memory you used:
 526 strings out of 493633
 5824 string characters out of 3143377
 56375 words of memory out of 3000000
 3848 multiletter control sequences out of 15000+200000
 9880 words of font info for 35 fonts, out of 3000000 for 9000
 831 hyphenation exceptions out of 8191
 28i,8n,23p,166b,243s stack positions out of 5000i,500n,10000p,200000b,50000s
</usr/local/texlive/2011/texmf-dist/fonts/type1/public/amsfonts/cm/cmbx10.pfb
></usr/local/texlive/2011/texmf-dist/fonts/type1/public/amsfonts/cm/cmbx12.pfb>
</usr/local/texlive/2011/texmf-dist/fonts/type1/public/amsfonts/cm/cmmi10.pfb><
/usr/local/texlive/2011/texmf-dist/fonts/type1/public/amsfonts/cm/cmmi12.pfb></
usr/local/texlive/2011/texmf-dist/fonts/type1/public/amsfonts/cm/cmmi8.pfb></us
r/local/texlive/2011/texmf-dist/fonts/type1/public/amsfonts/cm/cmr10.pfb></usr/
local/texlive/2011/texmf-dist/fonts/type1/public/amsfonts/cm/cmr12.pfb></usr/lo
cal/texlive/2011/texmf-dist/fonts/type1/public/amsfonts/cm/cmr17.pfb></usr/loca
l/texlive/2011/texmf-dist/fonts/type1/public/amsfonts/cm/cmr7.pfb></usr/local/t
exlive/2011/texmf-dist/fonts/type1/public/amsfonts/cm/cmr8.pfb></usr/local/texl
ive/2011/texmf-dist/fonts/type1/public/amsfonts/cm/cmsy10.pfb></usr/local/texli
ve/2011/texmf-dist/fonts/type1/public/amsfonts/cm/cmti12.pfb></usr/local/texliv
e/2011/texmf-dist/fonts/type1/public/amsfonts/cm/cmtt10.pfb>
Output written on main.pdf (24 pages, 159722 bytes).
PDF statistics:
 133 PDF objects out of 1000 (max. 8388607)
 93 compressed objects within 1 object stream
 0 named destinations out of 1000 (max. 500000)
 1 words of extra memory for PDF output out of 10000 (max. 10000000)

